<?xml version="1.0" encoding="UTF-8"?>
<!-- Generated by org.testng.reporters.JUnitXMLReporter -->
<testsuite ignored="0" hostname="DESKTOP-E5DJ7OM" failures="0" tests="4" name="Default test" time="0.074" errors="0" timestamp="2025-05-13T16:41:09 IST">
  <testcase classname="firstTestngsample.Sample1" name="tc01" time="0.006"/>
  <testcase classname="firstTestngsample.Sample1" name="tc02" time="0.001"/>
  <testcase classname="firstTestngsample.Sample1" name="tc03" time="0.001"/>
  <testcase classname="firstTestngsample.Sample1" name="tc04" time="0.001"/>
</testsuite> <!-- Default test -->
