<?xml version="1.0" encoding="UTF-8"?>
<testng-results ignored="0" total="4" passed="4" failed="0" skipped="0">
  <reporter-output>
  </reporter-output>
  <suite started-at="2025-05-13T16:41:09 IST" name="Default suite" finished-at="2025-05-13T16:41:09 IST" duration-ms="74">
    <groups>
    </groups>
    <test started-at="2025-05-13T16:41:09 IST" name="Default test" finished-at="2025-05-13T16:41:09 IST" duration-ms="74">
      <class name="firstTestngsample.Sample1">
        <test-method signature="tc01()[pri:-7, instance:firstTestngsample.Sample1@18df8434]" started-at="2025-05-13T16:41:09 IST" name="tc01" finished-at="2025-05-13T16:41:09 IST" duration-ms="6" status="PASS">
          <reporter-output>
          </reporter-output>
        </test-method> <!-- tc01 -->
        <test-method signature="tc02()[pri:-2, instance:firstTestngsample.Sample1@18df8434]" started-at="2025-05-13T16:41:09 IST" name="tc02" finished-at="2025-05-13T16:41:09 IST" duration-ms="1" status="PASS">
          <reporter-output>
          </reporter-output>
        </test-method> <!-- tc02 -->
        <test-method signature="tc03()[pri:1, instance:firstTestngsample.Sample1@18df8434]" started-at="2025-05-13T16:41:09 IST" name="tc03" finished-at="2025-05-13T16:41:09 IST" duration-ms="1" status="PASS">
          <reporter-output>
          </reporter-output>
        </test-method> <!-- tc03 -->
        <test-method signature="tc04()[pri:7, instance:firstTestngsample.Sample1@18df8434]" started-at="2025-05-13T16:41:09 IST" name="tc04" finished-at="2025-05-13T16:41:09 IST" duration-ms="1" status="PASS">
          <reporter-output>
          </reporter-output>
        </test-method> <!-- tc04 -->
      </class> <!-- firstTestngsample.Sample1 -->
    </test> <!-- Default test -->
  </suite> <!-- Default suite -->
</testng-results>
