<?xml version="1.0" encoding="UTF-8"?>
<!-- Generated by org.testng.reporters.JUnitReportReporter -->
<testsuite hostname="DESKTOP-E5DJ7OM" failures="0" tests="4" name="firstTestngsample.Sample1" time="0.009" errors="0" timestamp="2025-05-13T16:41:09 IST" skipped="0">
  <testcase classname="firstTestngsample.Sample1" name="tc01" time="0.006"/>
  <testcase classname="firstTestngsample.Sample1" name="tc02" time="0.001"/>
  <testcase classname="firstTestngsample.Sample1" name="tc03" time="0.001"/>
  <testcase classname="firstTestngsample.Sample1" name="tc04" time="0.001"/>
</testsuite> <!-- firstTestngsample.Sample1 -->
